<?xml version="1.0" encoding="UTF-8"?>
<!-- Generated by org.testng.reporters.JUnitReportReporter -->
<testsuite skipped="0" hostname="DESKTOP-D1STLU7" name="cts.miniproject.test.DdExcelWordpressLogin2" tests="4" failures="0" timestamp="2020-03-30T11:26:41 IST" time="165.326" errors="0">
  <testcase name="loginToWordpress" time="61.661" classname="cts.miniproject.test.DdExcelWordpressLogin2"/>
  <system-out/>
  <testcase name="loginToWordpress" time="34.438" classname="cts.miniproject.test.DdExcelWordpressLogin2"/>
  <system-out/>
  <testcase name="loginToWordpress" time="36.146" classname="cts.miniproject.test.DdExcelWordpressLogin2"/>
  <system-out/>
  <testcase name="loginToWordpress" time="33.081" classname="cts.miniproject.test.DdExcelWordpressLogin2"/>
  <system-out/>
</testsuite> <!-- cts.miniproject.test.DdExcelWordpressLogin2 -->
